<?xml version="1.0" encoding="UTF-8"?>
<!-- Generated by org.testng.reporters.JUnitReportReporter -->
<testsuite hostname="AIPL5994LT13664" failures="0" tests="3" name="RestAssuredAutomation.RestAssuredAutomation.Request_Response" time="5.876" errors="0" timestamp="2022-08-25T18:22:39 IST" skipped="0">
  <testcase classname="RestAssuredAutomation.RestAssuredAutomation.Request_Response" name="createNewEmployeesUsingDataDrivenPostMethod" time="1.354"/>
  <system-out/>
  <testcase classname="RestAssuredAutomation.RestAssuredAutomation.Request_Response" name="createNewEmployeesUsingDataDrivenPostMethod" time="1.288"/>
  <system-out/>
  <testcase classname="RestAssuredAutomation.RestAssuredAutomation.Request_Response" name="createNewEmployeesUsingDataDrivenPostMethod" time="3.234"/>
  <system-out/>
</testsuite> <!-- RestAssuredAutomation.RestAssuredAutomation.Request_Response -->
