<?xml version="1.0" encoding="UTF-8"?>
<!-- Generated by org.testng.reporters.JUnitReportReporter -->
<testsuite hostname="AIPL5994LT13664" failures="0" tests="1" name="RestAssuredAutomation.RestAssuredAutomation.Get_Weather_Report" time="1.835" errors="0" timestamp="2022-08-23T18:35:24 IST" skipped="0">
  <testcase classname="RestAssuredAutomation.RestAssuredAutomation.Get_Weather_Report" name="getWeatherDetailsCity" time="1.835"/>
  <system-out/>
</testsuite> <!-- RestAssuredAutomation.RestAssuredAutomation.Get_Weather_Report -->
